This is pdfTeX, Version 3.141592653-2.6-1.40.24 (MiKTeX 21.12.10) (preloaded format=pdflatex 2022.1.25)  3 MAR 2022 21:04
entering extended mode
 restricted \write18 enabled.
 %&-line parsing enabled.
**"./BME Assignment_6_Raj Motwani.tex"
(BME Assignment_6_Raj Motwani.tex
LaTeX2e <2021-11-15> patch level 1
L3 programming layer <2022-01-21>
(/Users/apple/Library/Application Support/MiKTeX/texmfs/install/tex/latex/base/
article.cls
Document Class: article 2021/10/04 v1.4n Standard LaTeX document class

(/Users/apple/Library/Application Support/MiKTeX/texmfs/install/tex/latex/base/
size12.clo
File: size12.clo 2021/10/04 v1.4n Standard LaTeX file (size option)
)
\c@part=\count185
\c@section=\count186
\c@subsection=\count187
\c@subsubsection=\count188
\c@paragraph=\count189
\c@subparagraph=\count190
\c@figure=\count191
\c@table=\count192
\abovecaptionskip=\skip47
\belowcaptionskip=\skip48
\bibindent=\dimen138
)
(/Users/apple/Library/Application Support/MiKTeX/texmfs/install/tex/latex/base/
inputenc.sty
Package: inputenc 2021/02/14 v1.3d Input encoding file
\inpenc@prehook=\toks16
\inpenc@posthook=\toks17
)
(/Users/apple/Library/Application Support/MiKTeX/texmfs/install/tex/latex/graph
ics/graphicx.sty
Package: graphicx 2021/09/16 v1.2d Enhanced LaTeX Graphics (DPC,SPQR)

(/Users/apple/Library/Application Support/MiKTeX/texmfs/install/tex/latex/graph
ics/keyval.sty
Package: keyval 2014/10/28 v1.15 key=value parser (DPC)
\KV@toks@=\toks18
)
(/Users/apple/Library/Application Support/MiKTeX/texmfs/install/tex/latex/graph
ics/graphics.sty
Package: graphics 2021/03/04 v1.4d Standard LaTeX Graphics (DPC,SPQR)

(/Users/apple/Library/Application Support/MiKTeX/texmfs/install/tex/latex/graph
ics/trig.sty
Package: trig 2021/08/11 v1.11 sin cos tan (DPC)
)
(/Users/apple/Library/Application Support/MiKTeX/texmfs/install/tex/latex/graph
ics-cfg/graphics.cfg
File: graphics.cfg 2016/06/04 v1.11 sample graphics configuration
)
Package graphics Info: Driver file: pdftex.def on input line 107.

(/Users/apple/Library/Application Support/MiKTeX/texmfs/install/tex/latex/graph
ics-def/pdftex.def
File: pdftex.def 2020/10/05 v1.2a Graphics/color driver for pdftex
))
\Gin@req@height=\dimen139
\Gin@req@width=\dimen140
)
(/Users/apple/Library/Application Support/MiKTeX/texmfs/install/tex/latex/l3bac
kend/l3backend-pdftex.def
File: l3backend-pdftex.def 2022-01-12 L3 backend support: PDF output (pdfTeX)
\l__color_backend_stack_int=\count193
\l__pdf_internal_box=\box50
) (BME Assignment_6_Raj Motwani.aux)
\openout1 = `"BME Assignment_6_Raj Motwani.aux"'.

LaTeX Font Info:    Checking defaults for OML/cmm/m/it on input line 5.
LaTeX Font Info:    ... okay on input line 5.
LaTeX Font Info:    Checking defaults for OMS/cmsy/m/n on input line 5.
LaTeX Font Info:    ... okay on input line 5.
LaTeX Font Info:    Checking defaults for OT1/cmr/m/n on input line 5.
LaTeX Font Info:    ... okay on input line 5.
LaTeX Font Info:    Checking defaults for T1/cmr/m/n on input line 5.
LaTeX Font Info:    ... okay on input line 5.
LaTeX Font Info:    Checking defaults for TS1/cmr/m/n on input line 5.
LaTeX Font Info:    ... okay on input line 5.
LaTeX Font Info:    Checking defaults for OMX/cmex/m/n on input line 5.
LaTeX Font Info:    ... okay on input line 5.
LaTeX Font Info:    Checking defaults for U/cmr/m/n on input line 5.
LaTeX Font Info:    ... okay on input line 5.

(/Users/apple/Library/Application Support/MiKTeX/texmfs/install/tex/context/bas
e/mkii/supp-pdf.mkii
[Loading MPS to PDF converter (version 2006.09.02).]
\scratchcounter=\count194
\scratchdimen=\dimen141
\scratchbox=\box51
\nofMPsegments=\count195
\nofMParguments=\count196
\everyMPshowfont=\toks19
\MPscratchCnt=\count197
\MPscratchDim=\dimen142
\MPnumerator=\count198
\makeMPintoPDFobject=\count199
\everyMPtoPDFconversion=\toks20
)
(/Users/apple/Library/Application Support/MiKTeX/texmfs/install/tex/latex/epsto
pdf-pkg/epstopdf-base.sty
Package: epstopdf-base 2020-01-24 v2.11 Base part for package epstopdf
Package epstopdf-base Info: Redefining graphics rule for `.eps' on input line 4
85.

(/Users/apple/Library/Application Support/MiKTeX/texmfs/install/tex/latex/00mik
tex/epstopdf-sys.cfg
File: epstopdf-sys.cfg 2021/03/18 v2.0 Configuration of epstopdf for MiKTeX
))
LaTeX Font Info:    External font `cmex10' loaded for size
(Font)              <24.88> on input line 7.
LaTeX Font Info:    External font `cmex10' loaded for size
(Font)              <20.74> on input line 7.
LaTeX Font Info:    External font `cmex10' loaded for size
(Font)              <17.28> on input line 7.
<images//nitlogo.png, id=1, 299.1175pt x 335.2525pt>
File: images//nitlogo.png Graphic file (type png)
<use images//nitlogo.png>
Package pdftex.def Info: images//nitlogo.png  used on input line 11.
(pdftex.def)             Requested size: 239.29431pt x 268.20236pt.
 [1

{/Users/apple/Library/Application Support/MiKTeX/texmfs/data/fonts/map/pdftex/p
dftex.map} <./images//nitlogo.png>]
(BME Assignment_6_Raj Motwani.aux) ) 
Here is how much of TeX's memory you used:
 1312 strings out of 478594
 23290 string characters out of 2836138
 310920 words of memory out of 3000000
 19526 multiletter control sequences out of 15000+600000
 473291 words of font info for 41 fonts, out of 8000000 for 9000
 1141 hyphenation exceptions out of 8191
 55i,5n,62p,233b,174s stack positions out of 5000i,500n,10000p,200000b,80000s
</Users/apple/Library/Application Support/M
iKTeX/texmfs/install/fonts/type1/public/amsfonts/cm/cmr12.pfb></Users/apple/Lib
rary/Application Support/MiKTeX/texmfs/install/fonts/type1/public/amsfonts/cm/c
mr17.pfb></Users/apple/Library/Application Support/MiKTeX/texmfs/install/fonts/
type1/public/amsfonts/cm/cmti12.pfb>
Output written on "BME Assignment_6_Raj Motwani.pdf" (1 page, 181973 bytes).
PDF statistics:
 24 PDF objects out of 1000 (max. 8388607)
 0 named destinations out of 1000 (max. 500000)
 6 words of extra memory for PDF output out of 10000 (max. 10000000)

